<?xml version="1.0" encoding="UTF-8"?>
<testng-results ignored="0" total="14" passed="11" failed="3" skipped="0">
  <reporter-output>
  </reporter-output>
  <suite started-at="2021-05-20T15:45:12 AEST" name="juipiterToys" finished-at="2021-05-20T15:46:38 AEST" duration-ms="85655">
    <groups>
    </groups>
    <test started-at="2021-05-20T15:45:12 AEST" name="juipiterToysTest" finished-at="2021-05-20T15:46:38 AEST" duration-ms="85655">
      <class name="PageObjectModel.CartPage">
        <test-method is-config="true" signature="launch()[pri:0, instance:PageObjectModel.CartPage@1b1426f4]" started-at="2021-05-20T15:46:06 AEST" name="launch" finished-at="2021-05-20T15:46:10 AEST" duration-ms="4060" status="PASS">
          <reporter-output>
          </reporter-output>
        </test-method> <!-- launch -->
        <test-method signature="chhkcrt(java.lang.String,java.lang.String,java.lang.String,java.lang.String,java.lang.String,java.lang.String,java.lang.String)[pri:0, instance:PageObjectModel.CartPage@1b1426f4]" started-at="2021-05-20T15:46:10 AEST" name="chhkcrt" data-provider="dp" finished-at="2021-05-20T15:46:11 AEST" duration-ms="1559" status="FAIL">
          <params>
            <param index="0">
              <value is-null="true"/>
            </param>
            <param index="1">
              <value is-null="true"/>
            </param>
            <param index="2">
              <value is-null="true"/>
            </param>
            <param index="3">
              <value is-null="true"/>
            </param>
            <param index="4">
              <value is-null="true"/>
            </param>
            <param index="5">
              <value is-null="true"/>
            </param>
            <param index="6">
              <value is-null="true"/>
            </param>
          </params>
          <exception class="java.lang.IllegalArgumentException">
            <message>
              <![CDATA[Keys to send should be a not null CharSequence]]>
            </message>
            <full-stacktrace>
              <![CDATA[java.lang.IllegalArgumentException: Keys to send should be a not null CharSequence
at org.openqa.selenium.remote.RemoteWebElement.sendKeys(RemoteWebElement.java:97)
at PageObjectModel.JupitorCartPage.cartpgevalidtn(JupitorCartPage.java:99)
at PageObjectModel.CartPage.chhkcrt(CartPage.java:57)
at java.base/jdk.internal.reflect.NativeMethodAccessorImpl.invoke0(Native Method)
at java.base/jdk.internal.reflect.NativeMethodAccessorImpl.invoke(NativeMethodAccessorImpl.java:62)
at java.base/jdk.internal.reflect.DelegatingMethodAccessorImpl.invoke(DelegatingMethodAccessorImpl.java:43)
at java.base/java.lang.reflect.Method.invoke(Method.java:566)
at org.testng.internal.MethodInvocationHelper.invokeMethod(MethodInvocationHelper.java:133)
at org.testng.internal.TestInvoker.invokeMethod(TestInvoker.java:598)
at org.testng.internal.TestInvoker.invokeTestMethod(TestInvoker.java:173)
at org.testng.internal.MethodRunner.runInSequence(MethodRunner.java:46)
at org.testng.internal.TestInvoker$MethodInvocationAgent.invoke(TestInvoker.java:824)
at org.testng.internal.TestInvoker.invokeTestMethods(TestInvoker.java:146)
at org.testng.internal.TestMethodWorker.invokeTestMethods(TestMethodWorker.java:146)
at org.testng.internal.TestMethodWorker.run(TestMethodWorker.java:128)
at java.base/java.util.ArrayList.forEach(ArrayList.java:1541)
at org.testng.TestRunner.privateRun(TestRunner.java:794)
at org.testng.TestRunner.run(TestRunner.java:596)
at org.testng.SuiteRunner.runTest(SuiteRunner.java:377)
at org.testng.SuiteRunner.runSequentially(SuiteRunner.java:371)
at org.testng.SuiteRunner.privateRun(SuiteRunner.java:332)
at org.testng.SuiteRunner.run(SuiteRunner.java:276)
at org.testng.SuiteRunnerWorker.runSuite(SuiteRunnerWorker.java:53)
at org.testng.SuiteRunnerWorker.run(SuiteRunnerWorker.java:96)
at org.testng.TestNG.runSuitesSequentially(TestNG.java:1212)
at org.testng.TestNG.runSuitesLocally(TestNG.java:1134)
at org.testng.TestNG.runSuites(TestNG.java:1063)
at org.testng.TestNG.run(TestNG.java:1031)
at org.testng.remote.AbstractRemoteTestNG.run(AbstractRemoteTestNG.java:115)
at org.testng.remote.RemoteTestNG.initAndRun(RemoteTestNG.java:251)
at org.testng.remote.RemoteTestNG.main(RemoteTestNG.java:77)
]]>
            </full-stacktrace>
          </exception> <!-- java.lang.IllegalArgumentException -->
          <reporter-output>
          </reporter-output>
        </test-method> <!-- chhkcrt -->
        <test-method is-config="true" signature="close()[pri:0, instance:PageObjectModel.CartPage@1b1426f4]" started-at="2021-05-20T15:46:11 AEST" name="close" finished-at="2021-05-20T15:46:11 AEST" duration-ms="63" status="PASS">
          <reporter-output>
          </reporter-output>
        </test-method> <!-- close -->
        <test-method is-config="true" signature="launch()[pri:0, instance:PageObjectModel.CartPage@1b1426f4]" started-at="2021-05-20T15:46:11 AEST" name="launch" finished-at="2021-05-20T15:46:14 AEST" duration-ms="3286" status="PASS">
          <reporter-output>
          </reporter-output>
        </test-method> <!-- launch -->
        <test-method signature="chhkcrt(java.lang.String,java.lang.String,java.lang.String,java.lang.String,java.lang.String,java.lang.String,java.lang.String)[pri:0, instance:PageObjectModel.CartPage@1b1426f4]" started-at="2021-05-20T15:46:14 AEST" name="chhkcrt" data-provider="dp" finished-at="2021-05-20T15:46:20 AEST" duration-ms="5646" status="PASS">
          <params>
            <param index="0">
              <value>
                <![CDATA[shesh]]>
              </value>
            </param>
            <param index="1">
              <value>
                <![CDATA[Sonar]]>
              </value>
            </param>
            <param index="2">
              <value>
                <![CDATA[sheshbhushansonar@gmail.com]]>
              </value>
            </param>
            <param index="3">
              <value>
                <![CDATA[1234567890]]>
              </value>
            </param>
            <param index="4">
              <value>
                <![CDATA[6 wentworth pde, Balmoral, 4171]]>
              </value>
            </param>
            <param index="5">
              <value>
                <![CDATA[Visa]]>
              </value>
            </param>
            <param index="6">
              <value>
                <![CDATA[1234 1234 1234 1234]]>
              </value>
            </param>
          </params>
          <reporter-output>
          </reporter-output>
        </test-method> <!-- chhkcrt -->
        <test-method is-config="true" signature="close()[pri:0, instance:PageObjectModel.CartPage@1b1426f4]" started-at="2021-05-20T15:46:20 AEST" name="close" finished-at="2021-05-20T15:46:20 AEST" duration-ms="65" status="PASS">
          <reporter-output>
          </reporter-output>
        </test-method> <!-- close -->
        <test-method is-config="true" signature="launch()[pri:0, instance:PageObjectModel.CartPage@1b1426f4]" started-at="2021-05-20T15:46:20 AEST" name="launch" finished-at="2021-05-20T15:46:24 AEST" duration-ms="3475" status="PASS">
          <reporter-output>
          </reporter-output>
        </test-method> <!-- launch -->
        <test-method signature="chhkcrt(java.lang.String,java.lang.String,java.lang.String,java.lang.String,java.lang.String,java.lang.String,java.lang.String)[pri:0, instance:PageObjectModel.CartPage@1b1426f4]" started-at="2021-05-20T15:46:24 AEST" name="chhkcrt" data-provider="dp" finished-at="2021-05-20T15:46:29 AEST" duration-ms="5645" status="PASS">
          <params>
            <param index="0">
              <value>
                <![CDATA[Chai]]>
              </value>
            </param>
            <param index="1">
              <value>
                <![CDATA[Kala]]>
              </value>
            </param>
            <param index="2">
              <value>
                <![CDATA[chai@gmail.com]]>
              </value>
            </param>
            <param index="3">
              <value>
                <![CDATA[3232323232]]>
              </value>
            </param>
            <param index="4">
              <value>
                <![CDATA[24 Apex St, Balmoral, 4171]]>
              </value>
            </param>
            <param index="5">
              <value>
                <![CDATA[Mastercard]]>
              </value>
            </param>
            <param index="6">
              <value>
                <![CDATA[4567 5432 2134 5645]]>
              </value>
            </param>
          </params>
          <reporter-output>
          </reporter-output>
        </test-method> <!-- chhkcrt -->
        <test-method is-config="true" signature="close()[pri:0, instance:PageObjectModel.CartPage@1b1426f4]" started-at="2021-05-20T15:46:29 AEST" name="close" finished-at="2021-05-20T15:46:29 AEST" duration-ms="49" status="PASS">
          <reporter-output>
          </reporter-output>
        </test-method> <!-- close -->
        <test-method is-config="true" signature="launch()[pri:0, instance:PageObjectModel.CartPage@1b1426f4]" started-at="2021-05-20T15:46:29 AEST" name="launch" finished-at="2021-05-20T15:46:33 AEST" duration-ms="3664" status="PASS">
          <reporter-output>
          </reporter-output>
        </test-method> <!-- launch -->
        <test-method signature="crtpageveri()[pri:1, instance:PageObjectModel.CartPage@1b1426f4]" started-at="2021-05-20T15:46:33 AEST" name="crtpageveri" finished-at="2021-05-20T15:46:33 AEST" duration-ms="382" status="PASS">
          <reporter-output>
          </reporter-output>
        </test-method> <!-- crtpageveri -->
        <test-method is-config="true" signature="close()[pri:0, instance:PageObjectModel.CartPage@1b1426f4]" started-at="2021-05-20T15:46:33 AEST" name="close" finished-at="2021-05-20T15:46:33 AEST" duration-ms="59" status="PASS">
          <reporter-output>
          </reporter-output>
        </test-method> <!-- close -->
        <test-method is-config="true" signature="launch()[pri:0, instance:PageObjectModel.CartPage@1b1426f4]" started-at="2021-05-20T15:46:33 AEST" name="launch" finished-at="2021-05-20T15:46:37 AEST" duration-ms="3423" status="PASS">
          <reporter-output>
          </reporter-output>
        </test-method> <!-- launch -->
        <test-method signature="shoooppge()[pri:2, instance:PageObjectModel.CartPage@1b1426f4]" started-at="2021-05-20T15:46:37 AEST" name="shoooppge" finished-at="2021-05-20T15:46:37 AEST" duration-ms="574" status="PASS">
          <reporter-output>
          </reporter-output>
        </test-method> <!-- shoooppge -->
        <test-method is-config="true" signature="close()[pri:0, instance:PageObjectModel.CartPage@1b1426f4]" started-at="2021-05-20T15:46:37 AEST" name="close" finished-at="2021-05-20T15:46:38 AEST" duration-ms="77" status="PASS">
          <reporter-output>
          </reporter-output>
        </test-method> <!-- close -->
      </class> <!-- PageObjectModel.CartPage -->
      <class name="PageObjectModel.ContactPage">
        <test-method is-config="true" signature="launch()[pri:0, instance:PageObjectModel.ContactPage@7e5afaa6]" started-at="2021-05-20T15:45:27 AEST" name="launch" finished-at="2021-05-20T15:45:30 AEST" duration-ms="3100" status="PASS">
          <reporter-output>
          </reporter-output>
        </test-method> <!-- launch -->
        <test-method signature="bcbuttnvalid()[pri:0, instance:PageObjectModel.ContactPage@7e5afaa6]" started-at="2021-05-20T15:45:30 AEST" name="bcbuttnvalid" finished-at="2021-05-20T15:45:31 AEST" duration-ms="499" status="PASS">
          <reporter-output>
          </reporter-output>
        </test-method> <!-- bcbuttnvalid -->
        <test-method is-config="true" signature="close()[pri:0, instance:PageObjectModel.ContactPage@7e5afaa6]" started-at="2021-05-20T15:45:31 AEST" name="close" finished-at="2021-05-20T15:45:31 AEST" duration-ms="207" status="PASS">
          <reporter-output>
          </reporter-output>
        </test-method> <!-- close -->
        <test-method is-config="true" signature="launch()[pri:0, instance:PageObjectModel.ContactPage@7e5afaa6]" started-at="2021-05-20T15:45:31 AEST" name="launch" finished-at="2021-05-20T15:45:34 AEST" duration-ms="3080" status="PASS">
          <reporter-output>
          </reporter-output>
        </test-method> <!-- launch -->
        <test-method signature="feedbk(java.lang.String,java.lang.String,java.lang.String,java.lang.String,java.lang.String)[pri:0, instance:PageObjectModel.ContactPage@7e5afaa6]" started-at="2021-05-20T15:45:34 AEST" name="feedbk" data-provider="dp" finished-at="2021-05-20T15:45:34 AEST" duration-ms="170" status="FAIL">
          <params>
            <param index="0">
              <value is-null="true"/>
            </param>
            <param index="1">
              <value is-null="true"/>
            </param>
            <param index="2">
              <value is-null="true"/>
            </param>
            <param index="3">
              <value is-null="true"/>
            </param>
            <param index="4">
              <value is-null="true"/>
            </param>
          </params>
          <exception class="java.lang.IllegalArgumentException">
            <message>
              <![CDATA[Keys to send should be a not null CharSequence]]>
            </message>
            <full-stacktrace>
              <![CDATA[java.lang.IllegalArgumentException: Keys to send should be a not null CharSequence
at org.openqa.selenium.remote.RemoteWebElement.sendKeys(RemoteWebElement.java:97)
at PageObjectModel.JupitorContactPage.dofeedbck(JupitorContactPage.java:63)
at PageObjectModel.ContactPage.feedbk(ContactPage.java:52)
at java.base/jdk.internal.reflect.NativeMethodAccessorImpl.invoke0(Native Method)
at java.base/jdk.internal.reflect.NativeMethodAccessorImpl.invoke(NativeMethodAccessorImpl.java:62)
at java.base/jdk.internal.reflect.DelegatingMethodAccessorImpl.invoke(DelegatingMethodAccessorImpl.java:43)
at java.base/java.lang.reflect.Method.invoke(Method.java:566)
at org.testng.internal.MethodInvocationHelper.invokeMethod(MethodInvocationHelper.java:133)
at org.testng.internal.TestInvoker.invokeMethod(TestInvoker.java:598)
at org.testng.internal.TestInvoker.invokeTestMethod(TestInvoker.java:173)
at org.testng.internal.MethodRunner.runInSequence(MethodRunner.java:46)
at org.testng.internal.TestInvoker$MethodInvocationAgent.invoke(TestInvoker.java:824)
at org.testng.internal.TestInvoker.invokeTestMethods(TestInvoker.java:146)
at org.testng.internal.TestMethodWorker.invokeTestMethods(TestMethodWorker.java:146)
at org.testng.internal.TestMethodWorker.run(TestMethodWorker.java:128)
at java.base/java.util.ArrayList.forEach(ArrayList.java:1541)
at org.testng.TestRunner.privateRun(TestRunner.java:794)
at org.testng.TestRunner.run(TestRunner.java:596)
at org.testng.SuiteRunner.runTest(SuiteRunner.java:377)
at org.testng.SuiteRunner.runSequentially(SuiteRunner.java:371)
at org.testng.SuiteRunner.privateRun(SuiteRunner.java:332)
at org.testng.SuiteRunner.run(SuiteRunner.java:276)
at org.testng.SuiteRunnerWorker.runSuite(SuiteRunnerWorker.java:53)
at org.testng.SuiteRunnerWorker.run(SuiteRunnerWorker.java:96)
at org.testng.TestNG.runSuitesSequentially(TestNG.java:1212)
at org.testng.TestNG.runSuitesLocally(TestNG.java:1134)
at org.testng.TestNG.runSuites(TestNG.java:1063)
at org.testng.TestNG.run(TestNG.java:1031)
at org.testng.remote.AbstractRemoteTestNG.run(AbstractRemoteTestNG.java:115)
at org.testng.remote.RemoteTestNG.initAndRun(RemoteTestNG.java:251)
at org.testng.remote.RemoteTestNG.main(RemoteTestNG.java:77)
]]>
            </full-stacktrace>
          </exception> <!-- java.lang.IllegalArgumentException -->
          <reporter-output>
          </reporter-output>
        </test-method> <!-- feedbk -->
        <test-method is-config="true" signature="close()[pri:0, instance:PageObjectModel.ContactPage@7e5afaa6]" started-at="2021-05-20T15:45:34 AEST" name="close" finished-at="2021-05-20T15:45:35 AEST" duration-ms="307" status="PASS">
          <reporter-output>
          </reporter-output>
        </test-method> <!-- close -->
        <test-method is-config="true" signature="launch()[pri:0, instance:PageObjectModel.ContactPage@7e5afaa6]" started-at="2021-05-20T15:45:35 AEST" name="launch" finished-at="2021-05-20T15:45:38 AEST" duration-ms="3137" status="PASS">
          <reporter-output>
          </reporter-output>
        </test-method> <!-- launch -->
        <test-method signature="feedbk(java.lang.String,java.lang.String,java.lang.String,java.lang.String,java.lang.String)[pri:0, instance:PageObjectModel.ContactPage@7e5afaa6]" started-at="2021-05-20T15:45:38 AEST" name="feedbk" data-provider="dp" finished-at="2021-05-20T15:45:41 AEST" duration-ms="2901" status="PASS">
          <params>
            <param index="0">
              <value>
                <![CDATA[shesh]]>
              </value>
            </param>
            <param index="1">
              <value>
                <![CDATA[Sonar]]>
              </value>
            </param>
            <param index="2">
              <value>
                <![CDATA[sheshbhushansonar@gmail.com]]>
              </value>
            </param>
            <param index="3">
              <value>
                <![CDATA[1234567890]]>
              </value>
            </param>
            <param index="4">
              <value>
                <![CDATA[This is my msg asdasdasd]]>
              </value>
            </param>
          </params>
          <reporter-output>
          </reporter-output>
        </test-method> <!-- feedbk -->
        <test-method is-config="true" signature="close()[pri:0, instance:PageObjectModel.ContactPage@7e5afaa6]" started-at="2021-05-20T15:45:41 AEST" name="close" finished-at="2021-05-20T15:45:41 AEST" duration-ms="162" status="PASS">
          <reporter-output>
          </reporter-output>
        </test-method> <!-- close -->
        <test-method is-config="true" signature="launch()[pri:0, instance:PageObjectModel.ContactPage@7e5afaa6]" started-at="2021-05-20T15:45:41 AEST" name="launch" finished-at="2021-05-20T15:45:44 AEST" duration-ms="3266" status="PASS">
          <reporter-output>
          </reporter-output>
        </test-method> <!-- launch -->
        <test-method signature="feedbk(java.lang.String,java.lang.String,java.lang.String,java.lang.String,java.lang.String)[pri:0, instance:PageObjectModel.ContactPage@7e5afaa6]" started-at="2021-05-20T15:45:44 AEST" name="feedbk" data-provider="dp" finished-at="2021-05-20T15:46:02 AEST" duration-ms="17578" status="PASS">
          <params>
            <param index="0">
              <value>
                <![CDATA[Chai]]>
              </value>
            </param>
            <param index="1">
              <value>
                <![CDATA[Kala]]>
              </value>
            </param>
            <param index="2">
              <value>
                <![CDATA[chai@gmail.com]]>
              </value>
            </param>
            <param index="3">
              <value>
                <![CDATA[3232323232]]>
              </value>
            </param>
            <param index="4">
              <value>
                <![CDATA[This is my msg asdasdsdcsdcasd]]>
              </value>
            </param>
          </params>
          <reporter-output>
          </reporter-output>
        </test-method> <!-- feedbk -->
        <test-method is-config="true" signature="close()[pri:0, instance:PageObjectModel.ContactPage@7e5afaa6]" started-at="2021-05-20T15:46:02 AEST" name="close" finished-at="2021-05-20T15:46:02 AEST" duration-ms="170" status="PASS">
          <reporter-output>
          </reporter-output>
        </test-method> <!-- close -->
        <test-method is-config="true" signature="launch()[pri:0, instance:PageObjectModel.ContactPage@7e5afaa6]" started-at="2021-05-20T15:46:02 AEST" name="launch" finished-at="2021-05-20T15:46:05 AEST" duration-ms="3034" status="PASS">
          <reporter-output>
          </reporter-output>
        </test-method> <!-- launch -->
        <test-method signature="contpageveri()[pri:1, instance:PageObjectModel.ContactPage@7e5afaa6]" started-at="2021-05-20T15:46:05 AEST" name="contpageveri" finished-at="2021-05-20T15:46:05 AEST" duration-ms="361" status="PASS">
          <reporter-output>
          </reporter-output>
        </test-method> <!-- contpageveri -->
        <test-method is-config="true" signature="close()[pri:0, instance:PageObjectModel.ContactPage@7e5afaa6]" started-at="2021-05-20T15:46:05 AEST" name="close" finished-at="2021-05-20T15:46:05 AEST" duration-ms="198" status="PASS">
          <reporter-output>
          </reporter-output>
        </test-method> <!-- close -->
      </class> <!-- PageObjectModel.ContactPage -->
      <class name="PageObjectModel.HomePage">
        <test-method is-config="true" signature="launch()[pri:0, instance:PageObjectModel.HomePage@41fecb8b]" started-at="2021-05-20T15:45:12 AEST" name="launch" finished-at="2021-05-20T15:45:15 AEST" duration-ms="3466" status="PASS">
          <reporter-output>
          </reporter-output>
        </test-method> <!-- launch -->
        <test-method signature="login(java.lang.String,java.lang.String)[pri:0, instance:PageObjectModel.HomePage@41fecb8b]" started-at="2021-05-20T15:45:15 AEST" name="login" data-provider="dp" finished-at="2021-05-20T15:45:16 AEST" duration-ms="241" status="FAIL">
          <params>
            <param index="0">
              <value is-null="true"/>
            </param>
            <param index="1">
              <value is-null="true"/>
            </param>
          </params>
          <exception class="java.lang.IllegalArgumentException">
            <message>
              <![CDATA[Keys to send should be a not null CharSequence]]>
            </message>
            <full-stacktrace>
              <![CDATA[java.lang.IllegalArgumentException: Keys to send should be a not null CharSequence
at org.openqa.selenium.remote.RemoteWebElement.sendKeys(RemoteWebElement.java:97)
at PageObjectModel.JupitorHomePage.dologin(JupitorHomePage.java:58)
at PageObjectModel.HomePage.login(HomePage.java:50)
at java.base/jdk.internal.reflect.NativeMethodAccessorImpl.invoke0(Native Method)
at java.base/jdk.internal.reflect.NativeMethodAccessorImpl.invoke(NativeMethodAccessorImpl.java:62)
at java.base/jdk.internal.reflect.DelegatingMethodAccessorImpl.invoke(DelegatingMethodAccessorImpl.java:43)
at java.base/java.lang.reflect.Method.invoke(Method.java:566)
at org.testng.internal.MethodInvocationHelper.invokeMethod(MethodInvocationHelper.java:133)
at org.testng.internal.TestInvoker.invokeMethod(TestInvoker.java:598)
at org.testng.internal.TestInvoker.invokeTestMethod(TestInvoker.java:173)
at org.testng.internal.MethodRunner.runInSequence(MethodRunner.java:46)
at org.testng.internal.TestInvoker$MethodInvocationAgent.invoke(TestInvoker.java:824)
at org.testng.internal.TestInvoker.invokeTestMethods(TestInvoker.java:146)
at org.testng.internal.TestMethodWorker.invokeTestMethods(TestMethodWorker.java:146)
at org.testng.internal.TestMethodWorker.run(TestMethodWorker.java:128)
at java.base/java.util.ArrayList.forEach(ArrayList.java:1541)
at org.testng.TestRunner.privateRun(TestRunner.java:794)
at org.testng.TestRunner.run(TestRunner.java:596)
at org.testng.SuiteRunner.runTest(SuiteRunner.java:377)
at org.testng.SuiteRunner.runSequentially(SuiteRunner.java:371)
at org.testng.SuiteRunner.privateRun(SuiteRunner.java:332)
at org.testng.SuiteRunner.run(SuiteRunner.java:276)
at org.testng.SuiteRunnerWorker.runSuite(SuiteRunnerWorker.java:53)
at org.testng.SuiteRunnerWorker.run(SuiteRunnerWorker.java:96)
at org.testng.TestNG.runSuitesSequentially(TestNG.java:1212)
at org.testng.TestNG.runSuitesLocally(TestNG.java:1134)
at org.testng.TestNG.runSuites(TestNG.java:1063)
at org.testng.TestNG.run(TestNG.java:1031)
at org.testng.remote.AbstractRemoteTestNG.run(AbstractRemoteTestNG.java:115)
at org.testng.remote.RemoteTestNG.initAndRun(RemoteTestNG.java:251)
at org.testng.remote.RemoteTestNG.main(RemoteTestNG.java:77)
]]>
            </full-stacktrace>
          </exception> <!-- java.lang.IllegalArgumentException -->
          <reporter-output>
          </reporter-output>
        </test-method> <!-- login -->
        <test-method is-config="true" signature="close()[pri:0, instance:PageObjectModel.HomePage@41fecb8b]" started-at="2021-05-20T15:45:16 AEST" name="close" finished-at="2021-05-20T15:45:16 AEST" duration-ms="76" status="PASS">
          <reporter-output>
          </reporter-output>
        </test-method> <!-- close -->
        <test-method is-config="true" signature="launch()[pri:0, instance:PageObjectModel.HomePage@41fecb8b]" started-at="2021-05-20T15:45:16 AEST" name="launch" finished-at="2021-05-20T15:45:19 AEST" duration-ms="3046" status="PASS">
          <reporter-output>
          </reporter-output>
        </test-method> <!-- launch -->
        <test-method signature="login(java.lang.String,java.lang.String)[pri:0, instance:PageObjectModel.HomePage@41fecb8b]" started-at="2021-05-20T15:45:19 AEST" name="login" data-provider="dp" finished-at="2021-05-20T15:45:20 AEST" duration-ms="722" status="PASS">
          <params>
            <param index="0">
              <value>
                <![CDATA[shesh]]>
              </value>
            </param>
            <param index="1">
              <value>
                <![CDATA[1234]]>
              </value>
            </param>
          </params>
          <reporter-output>
          </reporter-output>
        </test-method> <!-- login -->
        <test-method is-config="true" signature="close()[pri:0, instance:PageObjectModel.HomePage@41fecb8b]" started-at="2021-05-20T15:45:20 AEST" name="close" finished-at="2021-05-20T15:45:20 AEST" duration-ms="61" status="PASS">
          <reporter-output>
          </reporter-output>
        </test-method> <!-- close -->
        <test-method is-config="true" signature="launch()[pri:0, instance:PageObjectModel.HomePage@41fecb8b]" started-at="2021-05-20T15:45:20 AEST" name="launch" finished-at="2021-05-20T15:45:23 AEST" duration-ms="3353" status="PASS">
          <reporter-output>
          </reporter-output>
        </test-method> <!-- launch -->
        <test-method signature="login(java.lang.String,java.lang.String)[pri:0, instance:PageObjectModel.HomePage@41fecb8b]" started-at="2021-05-20T15:45:23 AEST" name="login" data-provider="dp" finished-at="2021-05-20T15:45:24 AEST" duration-ms="671" status="PASS">
          <params>
            <param index="0">
              <value>
                <![CDATA[Chai]]>
              </value>
            </param>
            <param index="1">
              <value>
                <![CDATA[4323]]>
              </value>
            </param>
          </params>
          <reporter-output>
          </reporter-output>
        </test-method> <!-- login -->
        <test-method is-config="true" signature="close()[pri:0, instance:PageObjectModel.HomePage@41fecb8b]" started-at="2021-05-20T15:45:24 AEST" name="close" finished-at="2021-05-20T15:45:24 AEST" duration-ms="104" status="PASS">
          <reporter-output>
          </reporter-output>
        </test-method> <!-- close -->
        <test-method is-config="true" signature="launch()[pri:0, instance:PageObjectModel.HomePage@41fecb8b]" started-at="2021-05-20T15:45:24 AEST" name="launch" finished-at="2021-05-20T15:45:27 AEST" duration-ms="2994" status="PASS">
          <reporter-output>
          </reporter-output>
        </test-method> <!-- launch -->
        <test-method signature="hmpageveri()[pri:1, instance:PageObjectModel.HomePage@41fecb8b]" started-at="2021-05-20T15:45:27 AEST" name="hmpageveri" finished-at="2021-05-20T15:45:27 AEST" duration-ms="357" status="PASS">
          <reporter-output>
          </reporter-output>
        </test-method> <!-- hmpageveri -->
        <test-method is-config="true" signature="close()[pri:0, instance:PageObjectModel.HomePage@41fecb8b]" started-at="2021-05-20T15:45:27 AEST" name="close" finished-at="2021-05-20T15:45:27 AEST" duration-ms="66" status="PASS">
          <reporter-output>
          </reporter-output>
        </test-method> <!-- close -->
      </class> <!-- PageObjectModel.HomePage -->
    </test> <!-- juipiterToysTest -->
  </suite> <!-- juipiterToys -->
</testng-results>
